<?xml version="1.0" encoding="UTF-8"?>
<testsuite xmlns:xsi="http://www.w3.org/2001/XMLSchema-instance" xsi:noNamespaceSchemaLocation="https://maven.apache.org/surefire/maven-surefire-plugin/xsd/surefire-test-report.xsd" version="3.0.2" name="com.example.postDatabase.perform.BookRepositoryIntegrationTests" time="2.118" tests="4" errors="0" skipped="0" failures="3">
  <properties>
    <property name="java.specification.version" value="17"/>
    <property name="sun.cpu.isalist" value="amd64"/>
    <property name="sun.jnu.encoding" value="Cp1252"/>
    <property name="java.class.path" value="C:\Users\PandeyA\Desktop\postDatabase - jpa\target\test-classes;C:\Users\PandeyA\Desktop\postDatabase - jpa\target\classes;C:\Users\PandeyA\.m2\repository\org\springframework\boot\spring-boot-starter-data-jpa\3.5.3\spring-boot-starter-data-jpa-3.5.3.jar;C:\Users\PandeyA\.m2\repository\org\springframework\boot\spring-boot-starter\3.5.3\spring-boot-starter-3.5.3.jar;C:\Users\PandeyA\.m2\repository\org\springframework\boot\spring-boot\3.5.3\spring-boot-3.5.3.jar;C:\Users\PandeyA\.m2\repository\org\springframework\boot\spring-boot-autoconfigure\3.5.3\spring-boot-autoconfigure-3.5.3.jar;C:\Users\PandeyA\.m2\repository\org\springframework\boot\spring-boot-starter-logging\3.5.3\spring-boot-starter-logging-3.5.3.jar;C:\Users\PandeyA\.m2\repository\ch\qos\logback\logback-classic\1.5.18\logback-classic-1.5.18.jar;C:\Users\PandeyA\.m2\repository\ch\qos\logback\logback-core\1.5.18\logback-core-1.5.18.jar;C:\Users\PandeyA\.m2\repository\org\apache\logging\log4j\log4j-to-slf4j\2.24.3\log4j-to-slf4j-2.24.3.jar;C:\Users\PandeyA\.m2\repository\org\apache\logging\log4j\log4j-api\2.24.3\log4j-api-2.24.3.jar;C:\Users\PandeyA\.m2\repository\org\slf4j\jul-to-slf4j\2.0.17\jul-to-slf4j-2.0.17.jar;C:\Users\PandeyA\.m2\repository\jakarta\annotation\jakarta.annotation-api\2.1.1\jakarta.annotation-api-2.1.1.jar;C:\Users\PandeyA\.m2\repository\org\yaml\snakeyaml\2.4\snakeyaml-2.4.jar;C:\Users\PandeyA\.m2\repository\org\springframework\boot\spring-boot-starter-jdbc\3.5.3\spring-boot-starter-jdbc-3.5.3.jar;C:\Users\PandeyA\.m2\repository\com\zaxxer\HikariCP\6.3.0\HikariCP-6.3.0.jar;C:\Users\PandeyA\.m2\repository\org\springframework\spring-jdbc\6.2.8\spring-jdbc-6.2.8.jar;C:\Users\PandeyA\.m2\repository\org\hibernate\orm\hibernate-core\6.6.18.Final\hibernate-core-6.6.18.Final.jar;C:\Users\PandeyA\.m2\repository\jakarta\persistence\jakarta.persistence-api\3.1.0\jakarta.persistence-api-3.1.0.jar;C:\Users\PandeyA\.m2\repository\jakarta\transaction\jakarta.transaction-api\2.0.1\jakarta.transaction-api-2.0.1.jar;C:\Users\PandeyA\.m2\repository\org\jboss\logging\jboss-logging\3.6.1.Final\jboss-logging-3.6.1.Final.jar;C:\Users\PandeyA\.m2\repository\org\hibernate\common\hibernate-commons-annotations\7.0.3.Final\hibernate-commons-annotations-7.0.3.Final.jar;C:\Users\PandeyA\.m2\repository\io\smallrye\jandex\3.2.0\jandex-3.2.0.jar;C:\Users\PandeyA\.m2\repository\com\fasterxml\classmate\1.7.0\classmate-1.7.0.jar;C:\Users\PandeyA\.m2\repository\net\bytebuddy\byte-buddy\1.17.6\byte-buddy-1.17.6.jar;C:\Users\PandeyA\.m2\repository\org\glassfish\jaxb\jaxb-runtime\4.0.5\jaxb-runtime-4.0.5.jar;C:\Users\PandeyA\.m2\repository\org\glassfish\jaxb\jaxb-core\4.0.5\jaxb-core-4.0.5.jar;C:\Users\PandeyA\.m2\repository\org\eclipse\angus\angus-activation\2.0.2\angus-activation-2.0.2.jar;C:\Users\PandeyA\.m2\repository\org\glassfish\jaxb\txw2\4.0.5\txw2-4.0.5.jar;C:\Users\PandeyA\.m2\repository\com\sun\istack\istack-commons-runtime\4.1.2\istack-commons-runtime-4.1.2.jar;C:\Users\PandeyA\.m2\repository\jakarta\inject\jakarta.inject-api\2.0.1\jakarta.inject-api-2.0.1.jar;C:\Users\PandeyA\.m2\repository\org\antlr\antlr4-runtime\4.13.0\antlr4-runtime-4.13.0.jar;C:\Users\PandeyA\.m2\repository\org\springframework\data\spring-data-jpa\3.5.1\spring-data-jpa-3.5.1.jar;C:\Users\PandeyA\.m2\repository\org\springframework\data\spring-data-commons\3.5.1\spring-data-commons-3.5.1.jar;C:\Users\PandeyA\.m2\repository\org\springframework\spring-orm\6.2.8\spring-orm-6.2.8.jar;C:\Users\PandeyA\.m2\repository\org\springframework\spring-context\6.2.8\spring-context-6.2.8.jar;C:\Users\PandeyA\.m2\repository\org\springframework\spring-expression\6.2.8\spring-expression-6.2.8.jar;C:\Users\PandeyA\.m2\repository\io\micrometer\micrometer-observation\1.15.1\micrometer-observation-1.15.1.jar;C:\Users\PandeyA\.m2\repository\io\micrometer\micrometer-commons\1.15.1\micrometer-commons-1.15.1.jar;C:\Users\PandeyA\.m2\repository\org\springframework\spring-aop\6.2.8\spring-aop-6.2.8.jar;C:\Users\PandeyA\.m2\repository\org\springframework\spring-tx\6.2.8\spring-tx-6.2.8.jar;C:\Users\PandeyA\.m2\repository\org\springframework\spring-beans\6.2.8\spring-beans-6.2.8.jar;C:\Users\PandeyA\.m2\repository\org\slf4j\slf4j-api\2.0.17\slf4j-api-2.0.17.jar;C:\Users\PandeyA\.m2\repository\org\springframework\spring-aspects\6.2.8\spring-aspects-6.2.8.jar;C:\Users\PandeyA\.m2\repository\org\aspectj\aspectjweaver\1.9.24\aspectjweaver-1.9.24.jar;C:\Users\PandeyA\.m2\repository\org\postgresql\postgresql\42.7.7\postgresql-42.7.7.jar;C:\Users\PandeyA\.m2\repository\org\checkerframework\checker-qual\3.49.3\checker-qual-3.49.3.jar;C:\Users\PandeyA\.m2\repository\org\projectlombok\lombok\1.18.38\lombok-1.18.38.jar;C:\Users\PandeyA\.m2\repository\org\springframework\boot\spring-boot-starter-test\3.5.3\spring-boot-starter-test-3.5.3.jar;C:\Users\PandeyA\.m2\repository\org\springframework\boot\spring-boot-test\3.5.3\spring-boot-test-3.5.3.jar;C:\Users\PandeyA\.m2\repository\org\springframework\boot\spring-boot-test-autoconfigure\3.5.3\spring-boot-test-autoconfigure-3.5.3.jar;C:\Users\PandeyA\.m2\repository\com\jayway\jsonpath\json-path\2.9.0\json-path-2.9.0.jar;C:\Users\PandeyA\.m2\repository\jakarta\xml\bind\jakarta.xml.bind-api\4.0.2\jakarta.xml.bind-api-4.0.2.jar;C:\Users\PandeyA\.m2\repository\jakarta\activation\jakarta.activation-api\2.1.3\jakarta.activation-api-2.1.3.jar;C:\Users\PandeyA\.m2\repository\net\minidev\json-smart\2.5.2\json-smart-2.5.2.jar;C:\Users\PandeyA\.m2\repository\net\minidev\accessors-smart\2.5.2\accessors-smart-2.5.2.jar;C:\Users\PandeyA\.m2\repository\org\ow2\asm\asm\9.7.1\asm-9.7.1.jar;C:\Users\PandeyA\.m2\repository\org\assertj\assertj-core\3.27.3\assertj-core-3.27.3.jar;C:\Users\PandeyA\.m2\repository\org\awaitility\awaitility\4.2.2\awaitility-4.2.2.jar;C:\Users\PandeyA\.m2\repository\org\hamcrest\hamcrest\3.0\hamcrest-3.0.jar;C:\Users\PandeyA\.m2\repository\org\junit\jupiter\junit-jupiter\5.12.2\junit-jupiter-5.12.2.jar;C:\Users\PandeyA\.m2\repository\org\junit\jupiter\junit-jupiter-api\5.12.2\junit-jupiter-api-5.12.2.jar;C:\Users\PandeyA\.m2\repository\org\opentest4j\opentest4j\1.3.0\opentest4j-1.3.0.jar;C:\Users\PandeyA\.m2\repository\org\junit\platform\junit-platform-commons\1.12.2\junit-platform-commons-1.12.2.jar;C:\Users\PandeyA\.m2\repository\org\apiguardian\apiguardian-api\1.1.2\apiguardian-api-1.1.2.jar;C:\Users\PandeyA\.m2\repository\org\junit\jupiter\junit-jupiter-params\5.12.2\junit-jupiter-params-5.12.2.jar;C:\Users\PandeyA\.m2\repository\org\junit\jupiter\junit-jupiter-engine\5.12.2\junit-jupiter-engine-5.12.2.jar;C:\Users\PandeyA\.m2\repository\org\junit\platform\junit-platform-engine\1.12.2\junit-platform-engine-1.12.2.jar;C:\Users\PandeyA\.m2\repository\org\mockito\mockito-core\5.17.0\mockito-core-5.17.0.jar;C:\Users\PandeyA\.m2\repository\net\bytebuddy\byte-buddy-agent\1.17.6\byte-buddy-agent-1.17.6.jar;C:\Users\PandeyA\.m2\repository\org\objenesis\objenesis\3.3\objenesis-3.3.jar;C:\Users\PandeyA\.m2\repository\org\mockito\mockito-junit-jupiter\5.17.0\mockito-junit-jupiter-5.17.0.jar;C:\Users\PandeyA\.m2\repository\org\skyscreamer\jsonassert\1.5.3\jsonassert-1.5.3.jar;C:\Users\PandeyA\.m2\repository\com\vaadin\external\google\android-json\0.0.20131108.vaadin1\android-json-0.0.20131108.vaadin1.jar;C:\Users\PandeyA\.m2\repository\org\springframework\spring-core\6.2.8\spring-core-6.2.8.jar;C:\Users\PandeyA\.m2\repository\org\springframework\spring-jcl\6.2.8\spring-jcl-6.2.8.jar;C:\Users\PandeyA\.m2\repository\org\springframework\spring-test\6.2.8\spring-test-6.2.8.jar;C:\Users\PandeyA\.m2\repository\org\xmlunit\xmlunit-core\2.10.2\xmlunit-core-2.10.2.jar;C:\Users\PandeyA\.m2\repository\com\h2database\h2\2.3.232\h2-2.3.232.jar;"/>
    <property name="java.vm.vendor" value="Microsoft"/>
    <property name="sun.arch.data.model" value="64"/>
    <property name="user.variant" value=""/>
    <property name="java.vendor.url" value="https://www.microsoft.com"/>
    <property name="user.timezone" value="Asia/Calcutta"/>
    <property name="org.jboss.logging.provider" value="slf4j"/>
    <property name="os.name" value="Windows 11"/>
    <property name="java.vm.specification.version" value="17"/>
    <property name="sun.java.launcher" value="SUN_STANDARD"/>
    <property name="user.country" value="US"/>
    <property name="sun.boot.library.path" value="C:\Users\PandeyA\.jdks\ms-17.0.15\bin"/>
    <property name="sun.java.command" value="C:\Users\PandeyA\AppData\Local\Temp\surefire12632445208864223720\surefirebooter-20250702155738807_3.jar C:\Users\PandeyA\AppData\Local\Temp\surefire12632445208864223720 2025-07-02T15-57-38_637-jvmRun1 surefire-20250702155738807_1tmp surefire_0-20250702155738807_2tmp"/>
    <property name="jdk.debug" value="release"/>
    <property name="surefire.test.class.path" value="C:\Users\PandeyA\Desktop\postDatabase - jpa\target\test-classes;C:\Users\PandeyA\Desktop\postDatabase - jpa\target\classes;C:\Users\PandeyA\.m2\repository\org\springframework\boot\spring-boot-starter-data-jpa\3.5.3\spring-boot-starter-data-jpa-3.5.3.jar;C:\Users\PandeyA\.m2\repository\org\springframework\boot\spring-boot-starter\3.5.3\spring-boot-starter-3.5.3.jar;C:\Users\PandeyA\.m2\repository\org\springframework\boot\spring-boot\3.5.3\spring-boot-3.5.3.jar;C:\Users\PandeyA\.m2\repository\org\springframework\boot\spring-boot-autoconfigure\3.5.3\spring-boot-autoconfigure-3.5.3.jar;C:\Users\PandeyA\.m2\repository\org\springframework\boot\spring-boot-starter-logging\3.5.3\spring-boot-starter-logging-3.5.3.jar;C:\Users\PandeyA\.m2\repository\ch\qos\logback\logback-classic\1.5.18\logback-classic-1.5.18.jar;C:\Users\PandeyA\.m2\repository\ch\qos\logback\logback-core\1.5.18\logback-core-1.5.18.jar;C:\Users\PandeyA\.m2\repository\org\apache\logging\log4j\log4j-to-slf4j\2.24.3\log4j-to-slf4j-2.24.3.jar;C:\Users\PandeyA\.m2\repository\org\apache\logging\log4j\log4j-api\2.24.3\log4j-api-2.24.3.jar;C:\Users\PandeyA\.m2\repository\org\slf4j\jul-to-slf4j\2.0.17\jul-to-slf4j-2.0.17.jar;C:\Users\PandeyA\.m2\repository\jakarta\annotation\jakarta.annotation-api\2.1.1\jakarta.annotation-api-2.1.1.jar;C:\Users\PandeyA\.m2\repository\org\yaml\snakeyaml\2.4\snakeyaml-2.4.jar;C:\Users\PandeyA\.m2\repository\org\springframework\boot\spring-boot-starter-jdbc\3.5.3\spring-boot-starter-jdbc-3.5.3.jar;C:\Users\PandeyA\.m2\repository\com\zaxxer\HikariCP\6.3.0\HikariCP-6.3.0.jar;C:\Users\PandeyA\.m2\repository\org\springframework\spring-jdbc\6.2.8\spring-jdbc-6.2.8.jar;C:\Users\PandeyA\.m2\repository\org\hibernate\orm\hibernate-core\6.6.18.Final\hibernate-core-6.6.18.Final.jar;C:\Users\PandeyA\.m2\repository\jakarta\persistence\jakarta.persistence-api\3.1.0\jakarta.persistence-api-3.1.0.jar;C:\Users\PandeyA\.m2\repository\jakarta\transaction\jakarta.transaction-api\2.0.1\jakarta.transaction-api-2.0.1.jar;C:\Users\PandeyA\.m2\repository\org\jboss\logging\jboss-logging\3.6.1.Final\jboss-logging-3.6.1.Final.jar;C:\Users\PandeyA\.m2\repository\org\hibernate\common\hibernate-commons-annotations\7.0.3.Final\hibernate-commons-annotations-7.0.3.Final.jar;C:\Users\PandeyA\.m2\repository\io\smallrye\jandex\3.2.0\jandex-3.2.0.jar;C:\Users\PandeyA\.m2\repository\com\fasterxml\classmate\1.7.0\classmate-1.7.0.jar;C:\Users\PandeyA\.m2\repository\net\bytebuddy\byte-buddy\1.17.6\byte-buddy-1.17.6.jar;C:\Users\PandeyA\.m2\repository\org\glassfish\jaxb\jaxb-runtime\4.0.5\jaxb-runtime-4.0.5.jar;C:\Users\PandeyA\.m2\repository\org\glassfish\jaxb\jaxb-core\4.0.5\jaxb-core-4.0.5.jar;C:\Users\PandeyA\.m2\repository\org\eclipse\angus\angus-activation\2.0.2\angus-activation-2.0.2.jar;C:\Users\PandeyA\.m2\repository\org\glassfish\jaxb\txw2\4.0.5\txw2-4.0.5.jar;C:\Users\PandeyA\.m2\repository\com\sun\istack\istack-commons-runtime\4.1.2\istack-commons-runtime-4.1.2.jar;C:\Users\PandeyA\.m2\repository\jakarta\inject\jakarta.inject-api\2.0.1\jakarta.inject-api-2.0.1.jar;C:\Users\PandeyA\.m2\repository\org\antlr\antlr4-runtime\4.13.0\antlr4-runtime-4.13.0.jar;C:\Users\PandeyA\.m2\repository\org\springframework\data\spring-data-jpa\3.5.1\spring-data-jpa-3.5.1.jar;C:\Users\PandeyA\.m2\repository\org\springframework\data\spring-data-commons\3.5.1\spring-data-commons-3.5.1.jar;C:\Users\PandeyA\.m2\repository\org\springframework\spring-orm\6.2.8\spring-orm-6.2.8.jar;C:\Users\PandeyA\.m2\repository\org\springframework\spring-context\6.2.8\spring-context-6.2.8.jar;C:\Users\PandeyA\.m2\repository\org\springframework\spring-expression\6.2.8\spring-expression-6.2.8.jar;C:\Users\PandeyA\.m2\repository\io\micrometer\micrometer-observation\1.15.1\micrometer-observation-1.15.1.jar;C:\Users\PandeyA\.m2\repository\io\micrometer\micrometer-commons\1.15.1\micrometer-commons-1.15.1.jar;C:\Users\PandeyA\.m2\repository\org\springframework\spring-aop\6.2.8\spring-aop-6.2.8.jar;C:\Users\PandeyA\.m2\repository\org\springframework\spring-tx\6.2.8\spring-tx-6.2.8.jar;C:\Users\PandeyA\.m2\repository\org\springframework\spring-beans\6.2.8\spring-beans-6.2.8.jar;C:\Users\PandeyA\.m2\repository\org\slf4j\slf4j-api\2.0.17\slf4j-api-2.0.17.jar;C:\Users\PandeyA\.m2\repository\org\springframework\spring-aspects\6.2.8\spring-aspects-6.2.8.jar;C:\Users\PandeyA\.m2\repository\org\aspectj\aspectjweaver\1.9.24\aspectjweaver-1.9.24.jar;C:\Users\PandeyA\.m2\repository\org\postgresql\postgresql\42.7.7\postgresql-42.7.7.jar;C:\Users\PandeyA\.m2\repository\org\checkerframework\checker-qual\3.49.3\checker-qual-3.49.3.jar;C:\Users\PandeyA\.m2\repository\org\projectlombok\lombok\1.18.38\lombok-1.18.38.jar;C:\Users\PandeyA\.m2\repository\org\springframework\boot\spring-boot-starter-test\3.5.3\spring-boot-starter-test-3.5.3.jar;C:\Users\PandeyA\.m2\repository\org\springframework\boot\spring-boot-test\3.5.3\spring-boot-test-3.5.3.jar;C:\Users\PandeyA\.m2\repository\org\springframework\boot\spring-boot-test-autoconfigure\3.5.3\spring-boot-test-autoconfigure-3.5.3.jar;C:\Users\PandeyA\.m2\repository\com\jayway\jsonpath\json-path\2.9.0\json-path-2.9.0.jar;C:\Users\PandeyA\.m2\repository\jakarta\xml\bind\jakarta.xml.bind-api\4.0.2\jakarta.xml.bind-api-4.0.2.jar;C:\Users\PandeyA\.m2\repository\jakarta\activation\jakarta.activation-api\2.1.3\jakarta.activation-api-2.1.3.jar;C:\Users\PandeyA\.m2\repository\net\minidev\json-smart\2.5.2\json-smart-2.5.2.jar;C:\Users\PandeyA\.m2\repository\net\minidev\accessors-smart\2.5.2\accessors-smart-2.5.2.jar;C:\Users\PandeyA\.m2\repository\org\ow2\asm\asm\9.7.1\asm-9.7.1.jar;C:\Users\PandeyA\.m2\repository\org\assertj\assertj-core\3.27.3\assertj-core-3.27.3.jar;C:\Users\PandeyA\.m2\repository\org\awaitility\awaitility\4.2.2\awaitility-4.2.2.jar;C:\Users\PandeyA\.m2\repository\org\hamcrest\hamcrest\3.0\hamcrest-3.0.jar;C:\Users\PandeyA\.m2\repository\org\junit\jupiter\junit-jupiter\5.12.2\junit-jupiter-5.12.2.jar;C:\Users\PandeyA\.m2\repository\org\junit\jupiter\junit-jupiter-api\5.12.2\junit-jupiter-api-5.12.2.jar;C:\Users\PandeyA\.m2\repository\org\opentest4j\opentest4j\1.3.0\opentest4j-1.3.0.jar;C:\Users\PandeyA\.m2\repository\org\junit\platform\junit-platform-commons\1.12.2\junit-platform-commons-1.12.2.jar;C:\Users\PandeyA\.m2\repository\org\apiguardian\apiguardian-api\1.1.2\apiguardian-api-1.1.2.jar;C:\Users\PandeyA\.m2\repository\org\junit\jupiter\junit-jupiter-params\5.12.2\junit-jupiter-params-5.12.2.jar;C:\Users\PandeyA\.m2\repository\org\junit\jupiter\junit-jupiter-engine\5.12.2\junit-jupiter-engine-5.12.2.jar;C:\Users\PandeyA\.m2\repository\org\junit\platform\junit-platform-engine\1.12.2\junit-platform-engine-1.12.2.jar;C:\Users\PandeyA\.m2\repository\org\mockito\mockito-core\5.17.0\mockito-core-5.17.0.jar;C:\Users\PandeyA\.m2\repository\net\bytebuddy\byte-buddy-agent\1.17.6\byte-buddy-agent-1.17.6.jar;C:\Users\PandeyA\.m2\repository\org\objenesis\objenesis\3.3\objenesis-3.3.jar;C:\Users\PandeyA\.m2\repository\org\mockito\mockito-junit-jupiter\5.17.0\mockito-junit-jupiter-5.17.0.jar;C:\Users\PandeyA\.m2\repository\org\skyscreamer\jsonassert\1.5.3\jsonassert-1.5.3.jar;C:\Users\PandeyA\.m2\repository\com\vaadin\external\google\android-json\0.0.20131108.vaadin1\android-json-0.0.20131108.vaadin1.jar;C:\Users\PandeyA\.m2\repository\org\springframework\spring-core\6.2.8\spring-core-6.2.8.jar;C:\Users\PandeyA\.m2\repository\org\springframework\spring-jcl\6.2.8\spring-jcl-6.2.8.jar;C:\Users\PandeyA\.m2\repository\org\springframework\spring-test\6.2.8\spring-test-6.2.8.jar;C:\Users\PandeyA\.m2\repository\org\xmlunit\xmlunit-core\2.10.2\xmlunit-core-2.10.2.jar;C:\Users\PandeyA\.m2\repository\com\h2database\h2\2.3.232\h2-2.3.232.jar;"/>
    <property name="sun.cpu.endian" value="little"/>
    <property name="user.home" value="C:\Users\PandeyA"/>
    <property name="user.language" value="en"/>
    <property name="java.specification.vendor" value="Oracle Corporation"/>
    <property name="java.version.date" value="2025-04-15"/>
    <property name="java.home" value="C:\Users\PandeyA\.jdks\ms-17.0.15"/>
    <property name="file.separator" value="\"/>
    <property name="basedir" value="C:\Users\PandeyA\Desktop\postDatabase - jpa"/>
    <property name="java.vm.compressedOopsMode" value="Zero based"/>
    <property name="line.separator" value="&#10;"/>
    <property name="java.vm.specification.vendor" value="Oracle Corporation"/>
    <property name="java.specification.name" value="Java Platform API Specification"/>
    <property name="FILE_LOG_CHARSET" value="windows-1252"/>
    <property name="java.awt.headless" value="true"/>
    <property name="surefire.real.class.path" value="C:\Users\PandeyA\AppData\Local\Temp\surefire12632445208864223720\surefirebooter-20250702155738807_3.jar"/>
    <property name="user.script" value=""/>
    <property name="sun.management.compiler" value="HotSpot 64-Bit Tiered Compilers"/>
    <property name="java.runtime.version" value="17.0.15+6-LTS"/>
    <property name="user.name" value="PandeyA"/>
    <property name="path.separator" value=";"/>
    <property name="os.version" value="10.0"/>
    <property name="java.runtime.name" value="OpenJDK Runtime Environment"/>
    <property name="file.encoding" value="Cp1252"/>
    <property name="java.vm.name" value="OpenJDK 64-Bit Server VM"/>
    <property name="java.vendor.version" value="Microsoft-11369865"/>
    <property name="localRepository" value="C:\Users\PandeyA\.m2\repository"/>
    <property name="java.vendor.url.bug" value="https://github.com/microsoft/openjdk/issues"/>
    <property name="java.io.tmpdir" value="C:\Users\PandeyA\AppData\Local\Temp\"/>
    <property name="idea.version" value="2025.1.1.1"/>
    <property name="com.zaxxer.hikari.pool_number" value="7"/>
    <property name="java.version" value="17.0.15"/>
    <property name="user.dir" value="C:\Users\PandeyA\Desktop\postDatabase - jpa"/>
    <property name="os.arch" value="amd64"/>
    <property name="java.vm.specification.name" value="Java Virtual Machine Specification"/>
    <property name="PID" value="21892"/>
    <property name="sun.os.patch.level" value=""/>
    <property name="CONSOLE_LOG_CHARSET" value="windows-1252"/>
    <property name="native.encoding" value="Cp1252"/>
    <property name="java.library.path" value="C:\Users\PandeyA\.jdks\ms-17.0.15\bin;C:\WINDOWS\Sun\Java\bin;C:\WINDOWS\system32;C:\WINDOWS;C:\Program Files\Common Files\Oracle\Java\javapath;C:\WINDOWS\system32;C:\WINDOWS;C:\WINDOWS\System32\Wbem;C:\WINDOWS\System32\WindowsPowerShell\v1.0\;C:\WINDOWS\System32\OpenSSH\;C:\Program Files (x86)\Novell\ZENworks\bin;C:\Users\PandeyA\AppData\Local\Microsoft\WindowsApps;;."/>
    <property name="java.vm.info" value="mixed mode, sharing"/>
    <property name="java.vendor" value="Microsoft"/>
    <property name="java.vm.version" value="17.0.15+6-LTS"/>
    <property name="java.specification.maintenance.version" value="1"/>
    <property name="sun.io.unicode.encoding" value="UnicodeLittle"/>
    <property name="java.class.version" value="61.0"/>
  </properties>
  <testcase name="testThatBookCanBeUpdated" classname="com.example.postDatabase.perform.BookRepositoryIntegrationTests" time="0.089">
    <failure message="&#10;expected: Book(idbs=978-1-2345-6789-0, name=UPDATED, author=Author(id=null, name=Abigail Rose, age=80))&#10; but was: Book(idbs=978-1-2345-6789-0, name=UPDATED, author=Author(id=2, name=Abigail Rose, age=80))" type="org.opentest4j.AssertionFailedError"><![CDATA[org.opentest4j.AssertionFailedError: 

expected: Book(idbs=978-1-2345-6789-0, name=UPDATED, author=Author(id=null, name=Abigail Rose, age=80))
 but was: Book(idbs=978-1-2345-6789-0, name=UPDATED, author=Author(id=2, name=Abigail Rose, age=80))
	at com.example.postDatabase.perform.BookRepositoryIntegrationTests.testThatBookCanBeUpdated(BookRepositoryIntegrationTests.java:72)
	at java.base/java.lang.reflect.Method.invoke(Method.java:569)
	at java.base/java.util.ArrayList.forEach(ArrayList.java:1511)
	at java.base/java.util.ArrayList.forEach(ArrayList.java:1511)
]]></failure>
    <system-out><![CDATA[2025-07-02T15:57:47.155+05:30  INFO 21892 --- [           main] t.c.s.AnnotationConfigContextLoaderUtils : Could not detect default configuration classes for test class [com.example.postDatabase.perform.BookRepositoryIntegrationTests]: BookRepositoryIntegrationTests does not declare any static, non-private, non-final, nested classes annotated with @Configuration.
2025-07-02T15:57:47.160+05:30  INFO 21892 --- [           main] .b.t.c.SpringBootTestContextBootstrapper : Found @SpringBootConfiguration com.example.postDatabase.PostDatabaseApplication for test class com.example.postDatabase.perform.BookRepositoryIntegrationTests

  .   ____          _            __ _ _
 /\\ / ___'_ __ _ _(_)_ __  __ _ \ \ \ \
( ( )\___ | '_ | '_| | '_ \/ _` | \ \ \ \
 \\/  ___)| |_)| | | | | || (_| |  ) ) ) )
  '  |____| .__|_| |_|_| |_\__, | / / / /
 =========|_|==============|___/=/_/_/_/

 :: Spring Boot ::                (v3.5.3)

2025-07-02T15:57:47.240+05:30  INFO 21892 --- [           main] c.e.p.p.BookRepositoryIntegrationTests   : Starting BookRepositoryIntegrationTests using Java 17.0.15 with PID 21892 (started by PandeyA in C:\Users\PandeyA\Desktop\postDatabase - jpa)
2025-07-02T15:57:47.241+05:30  INFO 21892 --- [           main] c.e.p.p.BookRepositoryIntegrationTests   : No active profile set, falling back to 1 default profile: "default"
2025-07-02T15:57:47.425+05:30  INFO 21892 --- [           main] .s.d.r.c.RepositoryConfigurationDelegate : Bootstrapping Spring Data JPA repositories in DEFAULT mode.
2025-07-02T15:57:47.439+05:30  INFO 21892 --- [           main] .s.d.r.c.RepositoryConfigurationDelegate : Finished Spring Data repository scanning in 12 ms. Found 2 JPA repository interfaces.
2025-07-02T15:57:47.510+05:30  INFO 21892 --- [           main] o.hibernate.jpa.internal.util.LogHelper  : HHH000204: Processing PersistenceUnitInfo [name: default]
2025-07-02T15:57:47.514+05:30  INFO 21892 --- [           main] o.h.c.internal.RegionFactoryInitiator    : HHH000026: Second-level cache disabled
2025-07-02T15:57:47.532+05:30  INFO 21892 --- [           main] o.s.o.j.p.SpringPersistenceUnitInfo      : No LoadTimeWeaver setup: ignoring JPA class transformer
2025-07-02T15:57:47.534+05:30  INFO 21892 --- [           main] com.zaxxer.hikari.HikariDataSource       : HikariPool-4 - Starting...
2025-07-02T15:57:47.537+05:30  INFO 21892 --- [           main] com.zaxxer.hikari.pool.HikariPool        : HikariPool-4 - Added connection conn19: url=jdbc:h2:mem:testdb user=SA
2025-07-02T15:57:47.538+05:30  INFO 21892 --- [           main] com.zaxxer.hikari.HikariDataSource       : HikariPool-4 - Start completed.
2025-07-02T15:57:47.541+05:30  INFO 21892 --- [           main] org.hibernate.orm.connections.pooling    : HHH10001005: Database info:
	Database JDBC URL [Connecting through datasource 'HikariDataSource (HikariPool-4)']
	Database driver: undefined/unknown
	Database version: 2.3.232
	Autocommit mode: undefined/unknown
	Isolation level: undefined/unknown
	Minimum pool size: undefined/unknown
	Maximum pool size: undefined/unknown
Hibernate: 
    create global temporary table HTE_authors(age integer, rn_ integer not null, id bigint, name varchar(255), primary key (rn_)) TRANSACTIONAL
2025-07-02T15:57:47.599+05:30  INFO 21892 --- [           main] o.h.e.t.j.p.i.JtaPlatformInitiator       : HHH000489: No JTA platform available (set 'hibernate.transaction.jta.platform' to enable JTA platform integration)
Hibernate: 
    create table authors (
        id bigint not null,
        age integer,
        name varchar(255),
        primary key (id)
    )
Hibernate: 
    create table books (
        idbs varchar(255) not null,
        name varchar(255),
        author_id bigint,
        primary key (idbs)
    )
Hibernate: 
    create sequence author_id_seq start with 1 increment by 50
Hibernate: 
    alter table if exists books 
       add constraint FKfjixh2vym2cvfj3ufxj91jem7 
       foreign key (author_id) 
       references authors
2025-07-02T15:57:47.608+05:30  INFO 21892 --- [           main] j.LocalContainerEntityManagerFactoryBean : Initialized JPA EntityManagerFactory for persistence unit 'default'
2025-07-02T15:57:47.686+05:30  INFO 21892 --- [           main] c.e.p.p.BookRepositoryIntegrationTests   : Started BookRepositoryIntegrationTests in 0.516 seconds (process running for 8.668)
2025-07-02T15:57:47.688+05:30  INFO 21892 --- [           main] c.e.p.PostDatabaseApplication            : DatasourceHikariDataSource (HikariPool-4)
Hibernate: 
    select
        b1_0.idbs,
        a1_0.id,
        a1_0.age,
        a1_0.name,
        b1_0.name 
    from
        books b1_0 
    left join
        authors a1_0 
            on a1_0.id=b1_0.author_id 
    where
        b1_0.idbs=?
Hibernate: 
    select
        next value for author_id_seq
Hibernate: 
    insert 
    into
        authors
        (age, name, id) 
    values
        (?, ?, ?)
Hibernate: 
    insert 
    into
        books
        (author_id, name, idbs) 
    values
        (?, ?, ?)
Hibernate: 
    select
        b1_0.idbs,
        a1_0.id,
        a1_0.age,
        a1_0.name,
        b1_0.name 
    from
        books b1_0 
    left join
        authors a1_0 
            on a1_0.id=b1_0.author_id 
    where
        b1_0.idbs=?
Hibernate: 
    select
        next value for author_id_seq
Hibernate: 
    insert 
    into
        authors
        (age, name, id) 
    values
        (?, ?, ?)
Hibernate: 
    update
        books 
    set
        author_id=?,
        name=? 
    where
        idbs=?
Hibernate: 
    select
        b1_0.idbs,
        a1_0.id,
        a1_0.age,
        a1_0.name,
        b1_0.name 
    from
        books b1_0 
    left join
        authors a1_0 
            on a1_0.id=b1_0.author_id 
    where
        b1_0.idbs=?
2025-07-02T15:57:47.753+05:30  INFO 21892 --- [           main] j.LocalContainerEntityManagerFactoryBean : Closing JPA EntityManagerFactory for persistence unit 'default'
2025-07-02T15:57:47.754+05:30  INFO 21892 --- [           main] com.zaxxer.hikari.HikariDataSource       : HikariPool-4 - Shutdown initiated...
2025-07-02T15:57:47.776+05:30  INFO 21892 --- [           main] com.zaxxer.hikari.HikariDataSource       : HikariPool-4 - Shutdown completed.
]]></system-out>
  </testcase>
  <testcase name="testThatBookCanBeCreatedAndRecalled" classname="com.example.postDatabase.perform.BookRepositoryIntegrationTests" time="0.067">
    <failure message="&#10;expected: Book(idbs=978-1-2345-6789-0, name=The Shadow in the Attic, author=Author(id=null, name=Abigail Rose, age=80))&#10; but was: Book(idbs=978-1-2345-6789-0, name=The Shadow in the Attic, author=Author(id=1, name=Abigail Rose, age=80))" type="org.opentest4j.AssertionFailedError"><![CDATA[org.opentest4j.AssertionFailedError: 

expected: Book(idbs=978-1-2345-6789-0, name=The Shadow in the Attic, author=Author(id=null, name=Abigail Rose, age=80))
 but was: Book(idbs=978-1-2345-6789-0, name=The Shadow in the Attic, author=Author(id=1, name=Abigail Rose, age=80))
	at com.example.postDatabase.perform.BookRepositoryIntegrationTests.testThatBookCanBeCreatedAndRecalled(BookRepositoryIntegrationTests.java:38)
	at java.base/java.lang.reflect.Method.invoke(Method.java:569)
	at java.base/java.util.ArrayList.forEach(ArrayList.java:1511)
	at java.base/java.util.ArrayList.forEach(ArrayList.java:1511)
]]></failure>
    <system-out><![CDATA[
  .   ____          _            __ _ _
 /\\ / ___'_ __ _ _(_)_ __  __ _ \ \ \ \
( ( )\___ | '_ | '_| | '_ \/ _` | \ \ \ \
 \\/  ___)| |_)| | | | | || (_| |  ) ) ) )
  '  |____| .__|_| |_|_| |_\__, | / / / /
 =========|_|==============|___/=/_/_/_/

 :: Spring Boot ::                (v3.5.3)

2025-07-02T15:57:47.849+05:30  INFO 21892 --- [           main] c.e.p.p.BookRepositoryIntegrationTests   : Starting BookRepositoryIntegrationTests using Java 17.0.15 with PID 21892 (started by PandeyA in C:\Users\PandeyA\Desktop\postDatabase - jpa)
2025-07-02T15:57:47.849+05:30  INFO 21892 --- [           main] c.e.p.p.BookRepositoryIntegrationTests   : No active profile set, falling back to 1 default profile: "default"
2025-07-02T15:57:47.978+05:30  INFO 21892 --- [           main] .s.d.r.c.RepositoryConfigurationDelegate : Bootstrapping Spring Data JPA repositories in DEFAULT mode.
2025-07-02T15:57:47.996+05:30  INFO 21892 --- [           main] .s.d.r.c.RepositoryConfigurationDelegate : Finished Spring Data repository scanning in 14 ms. Found 2 JPA repository interfaces.
2025-07-02T15:57:48.096+05:30  INFO 21892 --- [           main] o.hibernate.jpa.internal.util.LogHelper  : HHH000204: Processing PersistenceUnitInfo [name: default]
2025-07-02T15:57:48.099+05:30  INFO 21892 --- [           main] o.h.c.internal.RegionFactoryInitiator    : HHH000026: Second-level cache disabled
2025-07-02T15:57:48.110+05:30  INFO 21892 --- [           main] o.s.o.j.p.SpringPersistenceUnitInfo      : No LoadTimeWeaver setup: ignoring JPA class transformer
2025-07-02T15:57:48.111+05:30  INFO 21892 --- [           main] com.zaxxer.hikari.HikariDataSource       : HikariPool-5 - Starting...
2025-07-02T15:57:48.114+05:30  INFO 21892 --- [           main] com.zaxxer.hikari.pool.HikariPool        : HikariPool-5 - Added connection conn23: url=jdbc:h2:mem:testdb user=SA
2025-07-02T15:57:48.114+05:30  INFO 21892 --- [           main] com.zaxxer.hikari.HikariDataSource       : HikariPool-5 - Start completed.
2025-07-02T15:57:48.115+05:30  INFO 21892 --- [           main] org.hibernate.orm.connections.pooling    : HHH10001005: Database info:
	Database JDBC URL [Connecting through datasource 'HikariDataSource (HikariPool-5)']
	Database driver: undefined/unknown
	Database version: 2.3.232
	Autocommit mode: undefined/unknown
	Isolation level: undefined/unknown
	Minimum pool size: undefined/unknown
	Maximum pool size: undefined/unknown
Hibernate: 
    create global temporary table HTE_authors(age integer, rn_ integer not null, id bigint, name varchar(255), primary key (rn_)) TRANSACTIONAL
2025-07-02T15:57:48.158+05:30  INFO 21892 --- [           main] o.h.e.t.j.p.i.JtaPlatformInitiator       : HHH000489: No JTA platform available (set 'hibernate.transaction.jta.platform' to enable JTA platform integration)
Hibernate: 
    create table authors (
        id bigint not null,
        age integer,
        name varchar(255),
        primary key (id)
    )
Hibernate: 
    create table books (
        idbs varchar(255) not null,
        name varchar(255),
        author_id bigint,
        primary key (idbs)
    )
Hibernate: 
    create sequence author_id_seq start with 1 increment by 50
Hibernate: 
    alter table if exists books 
       add constraint FKfjixh2vym2cvfj3ufxj91jem7 
       foreign key (author_id) 
       references authors
2025-07-02T15:57:48.165+05:30  INFO 21892 --- [           main] j.LocalContainerEntityManagerFactoryBean : Initialized JPA EntityManagerFactory for persistence unit 'default'
2025-07-02T15:57:48.236+05:30  INFO 21892 --- [           main] c.e.p.p.BookRepositoryIntegrationTests   : Started BookRepositoryIntegrationTests in 0.443 seconds (process running for 9.216)
2025-07-02T15:57:48.237+05:30  INFO 21892 --- [           main] c.e.p.PostDatabaseApplication            : DatasourceHikariDataSource (HikariPool-5)
Hibernate: 
    select
        b1_0.idbs,
        a1_0.id,
        a1_0.age,
        a1_0.name,
        b1_0.name 
    from
        books b1_0 
    left join
        authors a1_0 
            on a1_0.id=b1_0.author_id 
    where
        b1_0.idbs=?
Hibernate: 
    select
        next value for author_id_seq
Hibernate: 
    insert 
    into
        authors
        (age, name, id) 
    values
        (?, ?, ?)
Hibernate: 
    insert 
    into
        books
        (author_id, name, idbs) 
    values
        (?, ?, ?)
Hibernate: 
    select
        b1_0.idbs,
        a1_0.id,
        a1_0.age,
        a1_0.name,
        b1_0.name 
    from
        books b1_0 
    left join
        authors a1_0 
            on a1_0.id=b1_0.author_id 
    where
        b1_0.idbs=?
2025-07-02T15:57:48.260+05:30  INFO 21892 --- [           main] j.LocalContainerEntityManagerFactoryBean : Closing JPA EntityManagerFactory for persistence unit 'default'
2025-07-02T15:57:48.260+05:30  INFO 21892 --- [           main] com.zaxxer.hikari.HikariDataSource       : HikariPool-5 - Shutdown initiated...
2025-07-02T15:57:48.304+05:30  INFO 21892 --- [           main] com.zaxxer.hikari.HikariDataSource       : HikariPool-5 - Shutdown completed.
]]></system-out>
  </testcase>
  <testcase name="testThatBookCanBeDeleted" classname="com.example.postDatabase.perform.BookRepositoryIntegrationTests" time="0.044">
    <system-out><![CDATA[
  .   ____          _            __ _ _
 /\\ / ___'_ __ _ _(_)_ __  __ _ \ \ \ \
( ( )\___ | '_ | '_| | '_ \/ _` | \ \ \ \
 \\/  ___)| |_)| | | | | || (_| |  ) ) ) )
  '  |____| .__|_| |_|_| |_\__, | / / / /
 =========|_|==============|___/=/_/_/_/

 :: Spring Boot ::                (v3.5.3)

2025-07-02T15:57:48.358+05:30  INFO 21892 --- [           main] c.e.p.p.BookRepositoryIntegrationTests   : Starting BookRepositoryIntegrationTests using Java 17.0.15 with PID 21892 (started by PandeyA in C:\Users\PandeyA\Desktop\postDatabase - jpa)
2025-07-02T15:57:48.358+05:30  INFO 21892 --- [           main] c.e.p.p.BookRepositoryIntegrationTests   : No active profile set, falling back to 1 default profile: "default"
2025-07-02T15:57:48.496+05:30  INFO 21892 --- [           main] .s.d.r.c.RepositoryConfigurationDelegate : Bootstrapping Spring Data JPA repositories in DEFAULT mode.
2025-07-02T15:57:48.515+05:30  INFO 21892 --- [           main] .s.d.r.c.RepositoryConfigurationDelegate : Finished Spring Data repository scanning in 16 ms. Found 2 JPA repository interfaces.
2025-07-02T15:57:48.620+05:30  INFO 21892 --- [           main] o.hibernate.jpa.internal.util.LogHelper  : HHH000204: Processing PersistenceUnitInfo [name: default]
2025-07-02T15:57:48.626+05:30  INFO 21892 --- [           main] o.h.c.internal.RegionFactoryInitiator    : HHH000026: Second-level cache disabled
2025-07-02T15:57:48.640+05:30  INFO 21892 --- [           main] o.s.o.j.p.SpringPersistenceUnitInfo      : No LoadTimeWeaver setup: ignoring JPA class transformer
2025-07-02T15:57:48.641+05:30  INFO 21892 --- [           main] com.zaxxer.hikari.HikariDataSource       : HikariPool-6 - Starting...
2025-07-02T15:57:48.644+05:30  INFO 21892 --- [           main] com.zaxxer.hikari.pool.HikariPool        : HikariPool-6 - Added connection conn26: url=jdbc:h2:mem:testdb user=SA
2025-07-02T15:57:48.644+05:30  INFO 21892 --- [           main] com.zaxxer.hikari.HikariDataSource       : HikariPool-6 - Start completed.
2025-07-02T15:57:48.645+05:30  INFO 21892 --- [           main] org.hibernate.orm.connections.pooling    : HHH10001005: Database info:
	Database JDBC URL [Connecting through datasource 'HikariDataSource (HikariPool-6)']
	Database driver: undefined/unknown
	Database version: 2.3.232
	Autocommit mode: undefined/unknown
	Isolation level: undefined/unknown
	Minimum pool size: undefined/unknown
	Maximum pool size: undefined/unknown
Hibernate: 
    create global temporary table HTE_authors(age integer, rn_ integer not null, id bigint, name varchar(255), primary key (rn_)) TRANSACTIONAL
2025-07-02T15:57:48.683+05:30  INFO 21892 --- [           main] o.h.e.t.j.p.i.JtaPlatformInitiator       : HHH000489: No JTA platform available (set 'hibernate.transaction.jta.platform' to enable JTA platform integration)
Hibernate: 
    create table authors (
        id bigint not null,
        age integer,
        name varchar(255),
        primary key (id)
    )
Hibernate: 
    create table books (
        idbs varchar(255) not null,
        name varchar(255),
        author_id bigint,
        primary key (idbs)
    )
Hibernate: 
    create sequence author_id_seq start with 1 increment by 50
Hibernate: 
    alter table if exists books 
       add constraint FKfjixh2vym2cvfj3ufxj91jem7 
       foreign key (author_id) 
       references authors
2025-07-02T15:57:48.687+05:30  INFO 21892 --- [           main] j.LocalContainerEntityManagerFactoryBean : Initialized JPA EntityManagerFactory for persistence unit 'default'
2025-07-02T15:57:48.742+05:30  INFO 21892 --- [           main] c.e.p.p.BookRepositoryIntegrationTests   : Started BookRepositoryIntegrationTests in 0.428 seconds (process running for 9.724)
2025-07-02T15:57:48.743+05:30  INFO 21892 --- [           main] c.e.p.PostDatabaseApplication            : DatasourceHikariDataSource (HikariPool-6)
Hibernate: 
    select
        b1_0.idbs,
        a1_0.id,
        a1_0.age,
        a1_0.name,
        b1_0.name 
    from
        books b1_0 
    left join
        authors a1_0 
            on a1_0.id=b1_0.author_id 
    where
        b1_0.idbs=?
Hibernate: 
    select
        next value for author_id_seq
Hibernate: 
    insert 
    into
        authors
        (age, name, id) 
    values
        (?, ?, ?)
Hibernate: 
    insert 
    into
        books
        (author_id, name, idbs) 
    values
        (?, ?, ?)
Hibernate: 
    select
        b1_0.idbs,
        a1_0.id,
        a1_0.age,
        a1_0.name,
        b1_0.name 
    from
        books b1_0 
    left join
        authors a1_0 
            on a1_0.id=b1_0.author_id 
    where
        b1_0.idbs=?
Hibernate: 
    delete 
    from
        books 
    where
        idbs=?
Hibernate: 
    delete 
    from
        authors 
    where
        id=?
Hibernate: 
    select
        b1_0.idbs,
        a1_0.id,
        a1_0.age,
        a1_0.name,
        b1_0.name 
    from
        books b1_0 
    left join
        authors a1_0 
            on a1_0.id=b1_0.author_id 
    where
        b1_0.idbs=?
2025-07-02T15:57:48.776+05:30  INFO 21892 --- [           main] j.LocalContainerEntityManagerFactoryBean : Closing JPA EntityManagerFactory for persistence unit 'default'
2025-07-02T15:57:48.777+05:30  INFO 21892 --- [           main] com.zaxxer.hikari.HikariDataSource       : HikariPool-6 - Shutdown initiated...
2025-07-02T15:57:48.789+05:30  INFO 21892 --- [           main] com.zaxxer.hikari.HikariDataSource       : HikariPool-6 - Shutdown completed.
]]></system-out>
  </testcase>
  <testcase name="testThatMultipleBooksCanBeCreatedAndRecalled" classname="com.example.postDatabase.perform.BookRepositoryIntegrationTests" time="0.057">
    <failure message="&#10;Expecting actual:&#10;  [Book(idbs=978-1-2345-6789-0, name=The Shadow in the Attic, author=Author(id=1, name=Abigail Rose, age=80)),&#10;    Book(idbs=978-1-2345-6789-1, name=Beyond the Horizon, author=Author(id=2, name=Abigail Rose, age=80)),&#10;    Book(idbs=978-1-2345-6789-2, name=The Last Ember, author=Author(id=3, name=Abigail Rose, age=80))]&#10;to contain exactly (and in same order):&#10;  [Book(idbs=978-1-2345-6789-0, name=The Shadow in the Attic, author=Author(id=null, name=Abigail Rose, age=80)),&#10;    Book(idbs=978-1-2345-6789-1, name=Beyond the Horizon, author=Author(id=null, name=Abigail Rose, age=80)),&#10;    Book(idbs=978-1-2345-6789-2, name=The Last Ember, author=Author(id=null, name=Abigail Rose, age=80))]&#10;but some elements were not found:&#10;  [Book(idbs=978-1-2345-6789-0, name=The Shadow in the Attic, author=Author(id=null, name=Abigail Rose, age=80)),&#10;    Book(idbs=978-1-2345-6789-1, name=Beyond the Horizon, author=Author(id=null, name=Abigail Rose, age=80)),&#10;    Book(idbs=978-1-2345-6789-2, name=The Last Ember, author=Author(id=null, name=Abigail Rose, age=80))]&#10;and others were not expected:&#10;  [Book(idbs=978-1-2345-6789-0, name=The Shadow in the Attic, author=Author(id=1, name=Abigail Rose, age=80)),&#10;    Book(idbs=978-1-2345-6789-1, name=Beyond the Horizon, author=Author(id=2, name=Abigail Rose, age=80)),&#10;    Book(idbs=978-1-2345-6789-2, name=The Last Ember, author=Author(id=3, name=Abigail Rose, age=80))]&#10;" type="org.opentest4j.AssertionFailedError"><![CDATA[org.opentest4j.AssertionFailedError: 

Expecting actual:
  [Book(idbs=978-1-2345-6789-0, name=The Shadow in the Attic, author=Author(id=1, name=Abigail Rose, age=80)),
    Book(idbs=978-1-2345-6789-1, name=Beyond the Horizon, author=Author(id=2, name=Abigail Rose, age=80)),
    Book(idbs=978-1-2345-6789-2, name=The Last Ember, author=Author(id=3, name=Abigail Rose, age=80))]
to contain exactly (and in same order):
  [Book(idbs=978-1-2345-6789-0, name=The Shadow in the Attic, author=Author(id=null, name=Abigail Rose, age=80)),
    Book(idbs=978-1-2345-6789-1, name=Beyond the Horizon, author=Author(id=null, name=Abigail Rose, age=80)),
    Book(idbs=978-1-2345-6789-2, name=The Last Ember, author=Author(id=null, name=Abigail Rose, age=80))]
but some elements were not found:
  [Book(idbs=978-1-2345-6789-0, name=The Shadow in the Attic, author=Author(id=null, name=Abigail Rose, age=80)),
    Book(idbs=978-1-2345-6789-1, name=Beyond the Horizon, author=Author(id=null, name=Abigail Rose, age=80)),
    Book(idbs=978-1-2345-6789-2, name=The Last Ember, author=Author(id=null, name=Abigail Rose, age=80))]
and others were not expected:
  [Book(idbs=978-1-2345-6789-0, name=The Shadow in the Attic, author=Author(id=1, name=Abigail Rose, age=80)),
    Book(idbs=978-1-2345-6789-1, name=Beyond the Horizon, author=Author(id=2, name=Abigail Rose, age=80)),
    Book(idbs=978-1-2345-6789-2, name=The Last Ember, author=Author(id=3, name=Abigail Rose, age=80))]

	at com.example.postDatabase.perform.BookRepositoryIntegrationTests.testThatMultipleBooksCanBeCreatedAndRecalled(BookRepositoryIntegrationTests.java:57)
	at java.base/java.lang.reflect.Method.invoke(Method.java:569)
	at java.base/java.util.ArrayList.forEach(ArrayList.java:1511)
	at java.base/java.util.ArrayList.forEach(ArrayList.java:1511)
]]></failure>
    <system-out><![CDATA[
  .   ____          _            __ _ _
 /\\ / ___'_ __ _ _(_)_ __  __ _ \ \ \ \
( ( )\___ | '_ | '_| | '_ \/ _` | \ \ \ \
 \\/  ___)| |_)| | | | | || (_| |  ) ) ) )
  '  |____| .__|_| |_|_| |_\__, | / / / /
 =========|_|==============|___/=/_/_/_/

 :: Spring Boot ::                (v3.5.3)

2025-07-02T15:57:48.817+05:30  INFO 21892 --- [           main] c.e.p.p.BookRepositoryIntegrationTests   : Starting BookRepositoryIntegrationTests using Java 17.0.15 with PID 21892 (started by PandeyA in C:\Users\PandeyA\Desktop\postDatabase - jpa)
2025-07-02T15:57:48.818+05:30  INFO 21892 --- [           main] c.e.p.p.BookRepositoryIntegrationTests   : No active profile set, falling back to 1 default profile: "default"
2025-07-02T15:57:48.973+05:30  INFO 21892 --- [           main] .s.d.r.c.RepositoryConfigurationDelegate : Bootstrapping Spring Data JPA repositories in DEFAULT mode.
2025-07-02T15:57:48.987+05:30  INFO 21892 --- [           main] .s.d.r.c.RepositoryConfigurationDelegate : Finished Spring Data repository scanning in 11 ms. Found 2 JPA repository interfaces.
2025-07-02T15:57:49.053+05:30  INFO 21892 --- [           main] o.hibernate.jpa.internal.util.LogHelper  : HHH000204: Processing PersistenceUnitInfo [name: default]
2025-07-02T15:57:49.058+05:30  INFO 21892 --- [           main] o.h.c.internal.RegionFactoryInitiator    : HHH000026: Second-level cache disabled
2025-07-02T15:57:49.072+05:30  INFO 21892 --- [           main] o.s.o.j.p.SpringPersistenceUnitInfo      : No LoadTimeWeaver setup: ignoring JPA class transformer
2025-07-02T15:57:49.074+05:30  INFO 21892 --- [           main] com.zaxxer.hikari.HikariDataSource       : HikariPool-7 - Starting...
2025-07-02T15:57:49.076+05:30  INFO 21892 --- [           main] com.zaxxer.hikari.pool.HikariPool        : HikariPool-7 - Added connection conn28: url=jdbc:h2:mem:testdb user=SA
2025-07-02T15:57:49.077+05:30  INFO 21892 --- [           main] com.zaxxer.hikari.HikariDataSource       : HikariPool-7 - Start completed.
2025-07-02T15:57:49.079+05:30  INFO 21892 --- [           main] org.hibernate.orm.connections.pooling    : HHH10001005: Database info:
	Database JDBC URL [Connecting through datasource 'HikariDataSource (HikariPool-7)']
	Database driver: undefined/unknown
	Database version: 2.3.232
	Autocommit mode: undefined/unknown
	Isolation level: undefined/unknown
	Minimum pool size: undefined/unknown
	Maximum pool size: undefined/unknown
Hibernate: 
    create global temporary table HTE_authors(age integer, rn_ integer not null, id bigint, name varchar(255), primary key (rn_)) TRANSACTIONAL
2025-07-02T15:57:49.133+05:30  INFO 21892 --- [           main] o.h.e.t.j.p.i.JtaPlatformInitiator       : HHH000489: No JTA platform available (set 'hibernate.transaction.jta.platform' to enable JTA platform integration)
Hibernate: 
    create table authors (
        id bigint not null,
        age integer,
        name varchar(255),
        primary key (id)
    )
Hibernate: 
    create table books (
        idbs varchar(255) not null,
        name varchar(255),
        author_id bigint,
        primary key (idbs)
    )
Hibernate: 
    create sequence author_id_seq start with 1 increment by 50
Hibernate: 
    alter table if exists books 
       add constraint FKfjixh2vym2cvfj3ufxj91jem7 
       foreign key (author_id) 
       references authors
2025-07-02T15:57:49.140+05:30  INFO 21892 --- [           main] j.LocalContainerEntityManagerFactoryBean : Initialized JPA EntityManagerFactory for persistence unit 'default'
2025-07-02T15:57:49.199+05:30  INFO 21892 --- [           main] c.e.p.p.BookRepositoryIntegrationTests   : Started BookRepositoryIntegrationTests in 0.406 seconds (process running for 10.18)
2025-07-02T15:57:49.200+05:30  INFO 21892 --- [           main] c.e.p.PostDatabaseApplication            : DatasourceHikariDataSource (HikariPool-7)
Hibernate: 
    select
        b1_0.idbs,
        a1_0.id,
        a1_0.age,
        a1_0.name,
        b1_0.name 
    from
        books b1_0 
    left join
        authors a1_0 
            on a1_0.id=b1_0.author_id 
    where
        b1_0.idbs=?
Hibernate: 
    select
        next value for author_id_seq
Hibernate: 
    insert 
    into
        authors
        (age, name, id) 
    values
        (?, ?, ?)
Hibernate: 
    insert 
    into
        books
        (author_id, name, idbs) 
    values
        (?, ?, ?)
Hibernate: 
    select
        b1_0.idbs,
        a1_0.id,
        a1_0.age,
        a1_0.name,
        b1_0.name 
    from
        books b1_0 
    left join
        authors a1_0 
            on a1_0.id=b1_0.author_id 
    where
        b1_0.idbs=?
Hibernate: 
    select
        next value for author_id_seq
Hibernate: 
    insert 
    into
        authors
        (age, name, id) 
    values
        (?, ?, ?)
Hibernate: 
    insert 
    into
        books
        (author_id, name, idbs) 
    values
        (?, ?, ?)
Hibernate: 
    select
        b1_0.idbs,
        a1_0.id,
        a1_0.age,
        a1_0.name,
        b1_0.name 
    from
        books b1_0 
    left join
        authors a1_0 
            on a1_0.id=b1_0.author_id 
    where
        b1_0.idbs=?
Hibernate: 
    insert 
    into
        authors
        (age, name, id) 
    values
        (?, ?, ?)
Hibernate: 
    insert 
    into
        books
        (author_id, name, idbs) 
    values
        (?, ?, ?)
Hibernate: 
    select
        b1_0.idbs,
        b1_0.author_id,
        b1_0.name 
    from
        books b1_0
Hibernate: 
    select
        a1_0.id,
        a1_0.age,
        a1_0.name 
    from
        authors a1_0 
    where
        a1_0.id=?
Hibernate: 
    select
        a1_0.id,
        a1_0.age,
        a1_0.name 
    from
        authors a1_0 
    where
        a1_0.id=?
Hibernate: 
    select
        a1_0.id,
        a1_0.age,
        a1_0.name 
    from
        authors a1_0 
    where
        a1_0.id=?
2025-07-02T15:57:49.250+05:30  INFO 21892 --- [           main] j.LocalContainerEntityManagerFactoryBean : Closing JPA EntityManagerFactory for persistence unit 'default'
2025-07-02T15:57:49.250+05:30  INFO 21892 --- [           main] com.zaxxer.hikari.HikariDataSource       : HikariPool-7 - Shutdown initiated...
2025-07-02T15:57:49.258+05:30  INFO 21892 --- [           main] com.zaxxer.hikari.HikariDataSource       : HikariPool-7 - Shutdown completed.
]]></system-out>
  </testcase>
</testsuite>